<?xml version="1.0" encoding="ISO-8859-1" ?>
<testsuites>
   <testsuite
     tests     ="4"
     failures  ="0"
     id        ="001"
     name      ="Blah Blubb Blubber"
     package   ="scn/Testscenario_outside_autocall.sas"
     time      ="10"
     timestamp ="1960-01-01T00:00:00"
   >
      <testcase
        classname ="autocall_macro_1.sas"
        name      ="Test für autocall_macro_1.sas"
        time      ="1"
        timestamp ="1960-01-01T00:00:00"
        id        ="001-001"
       />
      <testcase
        classname ="autocall_macro_1.sas"
        name      ="Test für autocall_macro_1.sas"
        time      ="1"
        timestamp ="1960-01-01T00:00:00"
        id        ="001-002"
       />
      <testcase
        classname ="autocall_macro_2.sas"
        name      ="Test für autocall_macro_2.sas"
        time      ="1"
        timestamp ="1960-01-01T00:00:00"
        id        ="001-003"
       />
      <testcase
        classname ="autocall_macro_2.sas"
        name      ="Test für autocall_macro_2.sas"
        time      ="1"
        timestamp ="1960-01-01T00:00:00"
        id        ="001-004"
       />
   </testsuite>
</testsuites>
